
==================================================
NEW BONK INCOMING TRANSFER on ROBINHOOD!
Amount: 1,000.000000
From: GciSdBHTDWa7YF3mMPkvSV4r6qoiQT6TgocPQaBaYJjs
To: 5H6MNdJME7S19bQv5sh8iDu4HGSTJHxrDocLtDJdtPE4
Transaction: hyRUoUeGub3kyLzudbaqCSA5Fn9X4bxTJ3cApwLwjFXUw1HenopK4Z2ypZhRctNKN95HYYf3p3ZpURvoDnJA6Wh
Timestamp: 2024-11-24 13:10:13.008558
==================================================

==================================================
NEW BONK INCOMING TRANSFER on ROBINHOOD!
Amount: 1,000.000000
From: GciSdBHTDWa7YF3mMPkvSV4r6qoiQT6TgocPQaBaYJjs
To: Ct4uofiSG9g3yDFwsgaP7ksi7EGUs6P854cMSAd56zVu
Transaction: 5PfLSnDuK9vdZMZSyeHKxzoeRf2k31hCnRj8GgubkoboLytfzLVc34Apa3Uk2Z8dmM5c5YVua7YF8W8MazdBdhbz
Timestamp: 2024-11-24 13:37:04.161541
==================================================

==================================================
NEW BONK INCOMING TRANSFER on ROBINHOOD!
Amount: 1,000.000000
From: GciSdBHTDWa7YF3mMPkvSV4r6qoiQT6TgocPQaBaYJjs
To: 5NyYJvTN7GFDTR527y87ozVDEpkKqh49wuymsmix2GMA
Transaction: iTRmMGW8AA5wDhtfNnrGt2hJPZMdbgzARMxfVtAP3x9KPeZmBkgFHgg7GauApPfRQALW9bBQRcfodpWDJDAkbnB
Timestamp: 2024-11-24 13:47:36.382598
==================================================
Missing Telegram credentials!

==================================================
NEW BONK INCOMING TRANSFER on ROBINHOOD!
Amount: 1,000.000000
From: GciSdBHTDWa7YF3mMPkvSV4r6qoiQT6TgocPQaBaYJjs
To: EET6Y2tg81MLBuwXwbBMEgvkTmSveLQbEtWcBzcTubzT
Transaction: 3aWiEokMdvJjTuGUnuAMQ9yF2N3LQuriry29SnwwzbjKQqsWe1BCrWH1SAgnhLYpTHMoEmjr668JbZyveHoY6B8R
Timestamp: 2024-11-24 13:56:16.055092
==================================================
